

|----------------------------SOAP Command Error-----------------------------------
|Date: Tue 12/04/2011, Time: 19:13:14, From: 83.42.43.242
|Where: /var/www/account/wam-pages/pruebas.php(Line: 17) Error Code: 0
|Error: ¡Jugador no encontrado!

|----------------------------SOAP Command Error-----------------------------------

|----------------------------Error al conectar con Dynamite-----------------------------------
|Fecha: , Hora: , From: 
|Lugar: (Line: ) Código de Error: 
|Error: 
|----------------------------Error al conectar con Dynamite-----------------------------------

|----------------------------Error al conectar con Dynamite-----------------------------------
|Fecha: Wed 13/04/2011, Hora: 14:42:52, From: 83.42.43.242
|Lugar: /var/www/account/wam-pages/welcome.php(Line: 20) Código de Error: 0
|Error: ¡Jugador no encontrado!

|----------------------------Error al conectar con Dynamite-----------------------------------

|----------------------------Error al conectar con Dynamite-----------------------------------
|Fecha: Wed 13/04/2011, Hora: 14:43:37, From: 83.42.43.242
|Lugar: /var/www/account/wam-pages/welcome.php(Line: 20) Código de Error: 0
|Error: ¡Jugador no encontrado!

|----------------------------Error al conectar con Dynamite-----------------------------------

|----------------------------Error al conectar con Dynamite-----------------------------------
|Fecha: Wed 13/04/2011, Hora: 14:49:42, From: 83.42.43.242
|Lugar: /var/www/account/wam-pages/welcome.php(Line: 20) Código de Error: 0
|Error: ¡Jugador no encontrado!

|----------------------------Error al conectar con Dynamite-----------------------------------

|----------------------------Error al conectar con Dynamite-----------------------------------
|Fecha: Wed 13/04/2011, Hora: 14:50:10, From: 83.42.43.242
|Lugar: /var/www/account/wam-pages/welcome.php(Line: 20) Código de Error: 0
|Error: ¡Jugador no encontrado!

|----------------------------Error al conectar con Dynamite-----------------------------------

|----------------------------Error al conectar con Dynamite-----------------------------------
|Fecha: Wed 13/04/2011, Hora: 14:50:24, From: 83.42.43.242
|Lugar: /var/www/account/wam-pages/welcome.php(Line: 20) Código de Error: 0
|Error: ¡Jugador no encontrado!

|----------------------------Error al conectar con Dynamite-----------------------------------

|----------------------------Error al conectar con Dynamite-----------------------------------
|Fecha: Wed 13/04/2011, Hora: 14:52:53, From: 83.42.43.242
|Lugar: /var/www/account/wam-pages/welcome.php(Line: 20) Código de Error: 0
|Error: ¡Jugador no encontrado!

|----------------------------Error al conectar con Dynamite-----------------------------------

|----------------------------Error al conectar con Dynamite-----------------------------------
|Fecha: Wed 13/04/2011, Hora: 14:53:47, From: 83.42.43.242
|Lugar: /var/www/account/wam-pages/welcome.php(Line: 20) Código de Error: 0
|Error: ¡Jugador no encontrado!

|----------------------------Error al conectar con Dynamite-----------------------------------

|----------------------------Error al conectar con Dynamite-----------------------------------
|Fecha: Wed 13/04/2011, Hora: 14:54:04, From: 83.42.43.242
|Lugar: /var/www/account/wam-pages/welcome.php(Line: 20) Código de Error: 0
|Error: ¡Jugador no encontrado!

|----------------------------Error al conectar con Dynamite-----------------------------------

|----------------------------Error al conectar con Dynamite-----------------------------------
|Fecha: Wed 13/04/2011, Hora: 14:55:27, From: 83.42.43.242
|Lugar: /var/www/account/wam-pages/welcome.php(Line: 20) Código de Error: 0
|Error: ¡Jugador no encontrado!

|----------------------------Error al conectar con Dynamite-----------------------------------

|----------------------------Error al conectar con Dynamite-----------------------------------
|Fecha: Wed 13/04/2011, Hora: 14:55:54, From: 83.42.43.242
|Lugar: /var/www/account/wam-pages/welcome.php(Line: 20) Código de Error: 0
|Error: ¡Jugador no encontrado!

|----------------------------Error al conectar con Dynamite-----------------------------------

|----------------------------Error al conectar con Dynamite-----------------------------------
|Fecha: Wed 13/04/2011, Hora: 14:56:37, From: 83.42.43.242
|Lugar: /var/www/account/wam-pages/welcome.php(Line: 21) Código de Error: 0
|Error: ¡Jugador no encontrado!

|----------------------------Error al conectar con Dynamite-----------------------------------

|----------------------------Error al conectar con Dynamite-----------------------------------
|Fecha: Wed 13/04/2011, Hora: 14:56:54, From: 83.42.43.242
|Lugar: /var/www/account/wam-pages/welcome.php(Line: 23) Código de Error: 0
|Error: ¡Jugador no encontrado!

|----------------------------Error al conectar con Dynamite-----------------------------------

|----------------------------Error al conectar con Dynamite-----------------------------------
|Fecha: Wed 13/04/2011, Hora: 14:58:01, From: 83.42.43.242
|Lugar: /var/www/account/wam-pages/welcome.php(Line: 20) Código de Error: 0
|Error: ¡Jugador no encontrado!

|----------------------------Error al conectar con Dynamite-----------------------------------

|----------------------------Error al conectar con Dynamite-----------------------------------
|Fecha: Wed 13/04/2011, Hora: 15:03:25, From: 83.42.43.242
|Lugar: /var/www/account/wam-pages/welcome.php(Line: 20) Código de Error: 0
|Error: ¡Jugador no encontrado!

|----------------------------Error al conectar con Dynamite-----------------------------------

|----------------------------Error al conectar con Dynamite-----------------------------------
|Fecha: Wed 13/04/2011, Hora: 15:21:32, De: 83.42.43.242
|Error: ¡Jugador no encontrado!

|----------------------------Error al conectar con Dynamite-----------------------------------

|----------------------------Error al conectar con Dynamite-----------------------------------
|Fecha: Wed 13/04/2011, Hora: 15:22:53, De: 83.42.43.242
|Error: ¡Jugador no encontrado!

|----------------------------Error al conectar con Dynamite-----------------------------------

|----------------------------Error al conectar con Dynamite-----------------------------------
|Fecha: Wed 13/04/2011, Hora: 15:45:26, De: 83.42.43.242  Comando: 
|Error: ¡Jugador no encontrado!
   
|----------------------------Error al conectar con Dynamite-----------------------------------

|----------------------------Error al conectar con Dynamite-----------------------------------
|Fecha: Wed 13/04/2011, Hora: 15:46:12, De: 83.42.43.242
|Error: ¡Jugador no encontrado!
   
|----------------------------Error al conectar con Dynamite-----------------------------------

|----------------------------Error al conectar con Dynamite-----------------------------------
|Fecha: Wed 13/04/2011, Hora: 15:49:58, De: 83.42.43.242
|Error: ¡Jugador no encontrado!
   
|----------------------------Error al conectar con Dynamite-----------------------------------

|----------------------------Error al conectar con Dynamite-----------------------------------
|Fecha: Wed 13/04/2011, Hora: 17:06:18, De: 79.156.29.118
|Error: ¡Jugador no encontrado!
   
|----------------------------Error al conectar con Dynamite-----------------------------------

|----------------------------Error al conectar con Dynamite-----------------------------------
|Fecha: Wed 13/04/2011, Hora: 17:07:05, De: 79.156.29.118
|Error: ¡Jugador no encontrado!
   
|----------------------------Error al conectar con Dynamite-----------------------------------

|----------------------------Error al conectar con Dynamite-----------------------------------
|Fecha: Wed 13/04/2011, Hora: 17:16:56, De: 79.156.29.118
|Error: ¡Jugador no encontrado!
   
|----------------------------Error al conectar con Dynamite-----------------------------------

|----------------------------Error al conectar con Dynamite-----------------------------------
|Fecha: Wed 13/04/2011, Hora: 17:17:29, De: 79.156.29.118
|Error: ¡Jugador no encontrado!
   
|----------------------------Error al conectar con Dynamite-----------------------------------

|----------------------------Error al conectar con Dynamite-----------------------------------
|Fecha: Wed 13/04/2011, Hora: 17:21:14, De: 79.156.29.118
|Error: ¡Jugador no encontrado!
   
|----------------------------Error al conectar con Dynamite-----------------------------------

|----------------------------Error al conectar con Dynamite-----------------------------------
|Fecha: Wed 13/04/2011, Hora: 17:23:00, De: 79.156.29.118
|Error: ¡Jugador no encontrado!
   
|----------------------------Error al conectar con Dynamite-----------------------------------

|----------------------------Error al conectar con Dynamite-----------------------------------
|Fecha: Wed 13/04/2011, Hora: 17:35:42, De: 79.156.29.118
|Error: ¡Jugador no encontrado!
   
|----------------------------Error al conectar con Dynamite-----------------------------------

|----------------------------Error al conectar con Dynamite-----------------------------------
|Fecha: Wed 13/04/2011, Hora: 17:37:25, De: 79.156.29.118
|Error: ¡Jugador no encontrado!
   
|----------------------------Error al conectar con Dynamite-----------------------------------

|----------------------------Error al conectar con Dynamite-----------------------------------
|Fecha: Wed 13/04/2011, Hora: 23:11:58, De: 83.38.99.144
|Error: ¡Jugador no encontrado!
   
|----------------------------Error al conectar con Dynamite-----------------------------------

|----------------------------Error al conectar con Dynamite-----------------------------------
|Fecha: Thu 14/04/2011, Hora: 0:44:36, De: 189.236.19.210
|Error: ¡Jugador no encontrado!
   
|----------------------------Error al conectar con Dynamite-----------------------------------

|----------------------------Error al conectar con Dynamite-----------------------------------
|Fecha: Fri 15/04/2011, Hora: 23:18:52, De: 79.155.125.93
|Error: HTTP Error: 401 Unauthorized   
|----------------------------Error al conectar con Dynamite-----------------------------------

|----------------------------Error al conectar con Dynamite-----------------------------------
|Fecha: Fri 15/04/2011, Hora: 23:19:03, De: 79.155.125.93
|Error: HTTP Error: 401 Unauthorized   
|----------------------------Error al conectar con Dynamite-----------------------------------

|----------------------------Error al conectar con Dynamite-----------------------------------
|Fecha: Fri 15/04/2011, Hora: 23:19:19, De: 79.155.125.93
|Error: HTTP Error: 401 Unauthorized   
|----------------------------Error al conectar con Dynamite-----------------------------------

|----------------------------Error al conectar con Dynamite-----------------------------------
|Fecha: Fri 15/04/2011, Hora: 23:19:45, De: 79.155.125.93
|Error: HTTP Error: 401 Unauthorized   
|----------------------------Error al conectar con Dynamite-----------------------------------

|----------------------------Error al conectar con Dynamite-----------------------------------
|Fecha: Fri 15/04/2011, Hora: 23:21:33, De: 79.155.125.93
|Error: HTTP Error: 401 Unauthorized   
|----------------------------Error al conectar con Dynamite-----------------------------------<br>

|----------------------------Error al conectar con Dynamite-----------------------------------<br>
|Fecha: Fri 15/04/2011, Hora: 23:21:54, De: 79.155.125.93
|Error: HTTP Error: 401 Unauthorized   
|----------------------------Error al conectar con Dynamite-----------------------------------<br>

|----------------------------Error al conectar con Dynamite-----------------------------------<br>
|Fecha: Fri 15/04/2011, Hora: 23:22:06, De: 79.155.125.93<br>
|Error: HTTP Error: 401 Unauthorized   <br>
|----------------------------Error al conectar con Dynamite-----------------------------------<br>

|----------------------------Error al conectar con Dynamite-----------------------------------
|Fecha: Sat 16/04/2011, Hora: 8:49:06, De: 79.109.57.81
|Error: HTTP Error: 401 Unauthorized   
|----------------------------Error al conectar con Dynamite-----------------------------------

|----------------------------Error al conectar con Dynamite-----------------------------------
|Fecha: Sat 16/04/2011, Hora: 8:49:15, De: 79.109.57.81
|Error: HTTP Error: 401 Unauthorized   
|----------------------------Error al conectar con Dynamite-----------------------------------

|----------------------------Error al conectar con Dynamite-----------------------------------
|Fecha: Sat 16/04/2011, Hora: 8:49:27, De: 79.109.57.81
|Error: HTTP Error: 401 Unauthorized   
|----------------------------Error al conectar con Dynamite-----------------------------------

|----------------------------Error al conectar con Dynamite-----------------------------------
|Fecha: Sat 16/04/2011, Hora: 11:55:28, De: 83.52.55.41
|Error: HTTP Error: 401 Unauthorized   
|----------------------------Error al conectar con Dynamite-----------------------------------

|----------------------------Error al conectar con Dynamite-----------------------------------<br>
|Fecha: Sat 16/04/2011, Hora: 11:56:03, De: 83.52.55.41<br>
|Error: HTTP Error: 401 Unauthorized   <br>
|----------------------------Error al conectar con Dynamite-----------------------------------<br>

|----------------------------Error al conectar con Dynamite-----------------------------------
|Fecha: Sat 16/04/2011, Hora: 11:59:39, De: 83.52.55.41
|Error: Could not connect to host   
|----------------------------Error al conectar con Dynamite-----------------------------------

|----------------------------Error al conectar con Dynamite-----------------------------------<br>
|Fecha: Sat 16/04/2011, Hora: 11:59:59, De: 83.52.55.41<br>
|Error: Could not connect to host   <br>
|----------------------------Error al conectar con Dynamite-----------------------------------<br>

|----------------------------Error al conectar con Dynamite-----------------------------------<br>
|Fecha: Sat 16/04/2011, Hora: 12:01:55, De: 83.52.55.41<br>
|Error: HTTP Error: 401 Unauthorized   <br>
|----------------------------Error al conectar con Dynamite-----------------------------------<br>

|----------------------------Error al conectar con Dynamite-----------------------------------
|Fecha: Mon 18/04/2011, Hora: 15:15:03, De: 83.50.52.208
|Error: HTTP Error: 401 Unauthorized   
|----------------------------Error al conectar con Dynamite-----------------------------------

|----------------------------Error al conectar con Dynamite-----------------------------------
|Fecha: Tue 19/04/2011, Hora: 1:45:18, De: 212.122.118.124
|Error: HTTP Error: 401 Unauthorized   
|----------------------------Error al conectar con Dynamite-----------------------------------

|----------------------------Error al conectar con Dynamite-----------------------------------
|Fecha: Tue 19/04/2011, Hora: 1:45:34, De: 212.122.118.124
|Error: HTTP Error: 401 Unauthorized   
|----------------------------Error al conectar con Dynamite-----------------------------------

|----------------------------Error al conectar con Dynamite-----------------------------------
|Fecha: Wed 20/04/2011, Hora: 14:32:08, De: 217.217.159.253
|Error: HTTP Error: 401 Unauthorized   
|----------------------------Error al conectar con Dynamite-----------------------------------

|----------------------------Error al conectar con Dynamite-----------------------------------
|Fecha: Wed 20/04/2011, Hora: 14:32:19, De: 217.217.159.253
|Error: HTTP Error: 401 Unauthorized   
|----------------------------Error al conectar con Dynamite-----------------------------------

|----------------------------Error al conectar con Dynamite-----------------------------------
|Fecha: Wed 20/04/2011, Hora: 19:51:35, De: 2.137.99.21
|Error: HTTP Error: 401 Unauthorized   
|----------------------------Error al conectar con Dynamite-----------------------------------

|----------------------------Error al conectar con Dynamite-----------------------------------
|Fecha: Wed 20/04/2011, Hora: 19:55:06, De: 2.137.99.21
|Error: HTTP Error: 401 Unauthorized   
|----------------------------Error al conectar con Dynamite-----------------------------------

|----------------------------Error al conectar con Dynamite-----------------------------------
|Fecha: Wed 20/04/2011, Hora: 19:56:27, De: 2.137.99.21
|Error: HTTP Error: 401 Unauthorized   
|----------------------------Error al conectar con Dynamite-----------------------------------

|----------------------------Error al conectar con Dynamite-----------------------------------
|Fecha: Wed 20/04/2011, Hora: 21:27:07, De: 200.93.44.20
|Error: HTTP Error: 401 Unauthorized   
|----------------------------Error al conectar con Dynamite-----------------------------------

|----------------------------Error al conectar con Dynamite-----------------------------------
|Fecha: Wed 20/04/2011, Hora: 21:27:37, De: 200.93.44.20
|Error: HTTP Error: 401 Unauthorized   
|----------------------------Error al conectar con Dynamite-----------------------------------

|----------------------------Error al conectar con Dynamite-----------------------------------
|Fecha: Thu 21/04/2011, Hora: 23:04:29, De: 85.251.30.25
|Error: HTTP Error: 401 Unauthorized   
|----------------------------Error al conectar con Dynamite-----------------------------------

|----------------------------Error al conectar con Dynamite-----------------------------------
|Fecha: Fri 22/04/2011, Hora: 22:32:44, De: 201.223.33.207
|Error: HTTP Error: 401 Unauthorized   
|----------------------------Error al conectar con Dynamite-----------------------------------

|----------------------------Error al conectar con Dynamite-----------------------------------
|Fecha: Fri 22/04/2011, Hora: 22:33:56, De: 201.223.33.207
|Error: HTTP Error: 401 Unauthorized   
|----------------------------Error al conectar con Dynamite-----------------------------------

|----------------------------Error al conectar con Dynamite-----------------------------------
|Fecha: Fri 22/04/2011, Hora: 22:37:26, De: 201.223.33.207
|Error: HTTP Error: 401 Unauthorized   
|----------------------------Error al conectar con Dynamite-----------------------------------

|----------------------------Error al conectar con Dynamite-----------------------------------
|Fecha: Fri 22/04/2011, Hora: 22:37:57, De: 201.223.33.207
|Error: HTTP Error: 401 Unauthorized   
|----------------------------Error al conectar con Dynamite-----------------------------------

|----------------------------Error al conectar con Dynamite-----------------------------------
|Fecha: Fri 22/04/2011, Hora: 22:38:57, De: 201.223.33.207
|Error: HTTP Error: 401 Unauthorized   
|----------------------------Error al conectar con Dynamite-----------------------------------

|----------------------------Error al conectar con Dynamite-----------------------------------
|Fecha: Sun 24/04/2011, Hora: 19:45:04, De: 67.142.130.19
|Error: HTTP Error: 401 Unauthorized   
|----------------------------Error al conectar con Dynamite-----------------------------------

|----------------------------Error al conectar con Dynamite-----------------------------------
|Fecha: Mon 25/04/2011, Hora: 8:31:17, De: 79.145.107.28
|Error: HTTP Error: 401 Unauthorized   
|----------------------------Error al conectar con Dynamite-----------------------------------

|----------------------------Error al conectar con Dynamite-----------------------------------
|Fecha: Mon 25/04/2011, Hora: 8:38:23, De: 79.145.107.28
|Error: HTTP Error: 401 Unauthorized   
|----------------------------Error al conectar con Dynamite-----------------------------------

|----------------------------Error al conectar con Dynamite-----------------------------------
|Fecha: Mon 25/04/2011, Hora: 8:38:26, De: 79.145.107.28
|Error: HTTP Error: 401 Unauthorized   
|----------------------------Error al conectar con Dynamite-----------------------------------

|----------------------------Error al conectar con Dynamite-----------------------------------
|Fecha: Mon 25/04/2011, Hora: 8:38:41, De: 79.145.107.28
|Error: HTTP Error: 401 Unauthorized   
|----------------------------Error al conectar con Dynamite-----------------------------------